 Seq Scan on listing  (cost=0.00..214433.65 rows=10001565 width=59) (actual time=1.003..2149.797 rows=9999996 loops=1)
 Planning Time: 0.454 ms
 Execution Time: 2838.850 ms
(3 rows)


Time: 2856.850 ms (00:02.857)

https://marmelab.com/blog/2019/02/13/how-to-improve-postgres-performances.html